<?xml version="1.0" encoding="UTF-8"?>
<testng-results ignored="0" total="2" passed="2" failed="0" skipped="0">
  <reporter-output>
  </reporter-output>
  <suite started-at="2025-10-27T21:50:50 IST" name="Suite" finished-at="2025-10-27T21:51:05 IST" duration-ms="14994">
    <groups>
    </groups>
    <test started-at="2025-10-27T21:50:50 IST" name="Test" finished-at="2025-10-27T21:51:05 IST" duration-ms="14994">
      <class name="testScript.ManageNewsTest">
        <test-method is-config="true" signature="initializeBrowser(java.lang.String)[pri:0, instance:testScript.ManageNewsTest@65a15628]" started-at="2025-10-27T21:50:50 IST" name="initializeBrowser" finished-at="2025-10-27T21:50:55 IST" duration-ms="5252" status="PASS">
          <params>
            <param index="0">
              <value>
                <![CDATA[firefox]]>
              </value>
            </param>
          </params>
          <reporter-output>
          </reporter-output>
        </test-method> <!-- initializeBrowser -->
        <test-method signature="addNewNewsText()[pri:0, instance:testScript.ManageNewsTest@65a15628]" started-at="2025-10-27T21:50:55 IST" name="addNewNewsText" description="User is trying to add new news to Manage newspage" finished-at="2025-10-27T21:50:59 IST" duration-ms="3947" status="PASS">
          <reporter-output>
          </reporter-output>
        </test-method> <!-- addNewNewsText -->
        <test-method is-config="true" signature="initializeBrowser(java.lang.String)[pri:0, instance:testScript.ManageNewsTest@65a15628]" started-at="2025-10-27T21:50:59 IST" name="initializeBrowser" finished-at="2025-10-27T21:51:03 IST" duration-ms="4083" status="PASS">
          <params>
            <param index="0">
              <value>
                <![CDATA[firefox]]>
              </value>
            </param>
          </params>
          <reporter-output>
          </reporter-output>
        </test-method> <!-- initializeBrowser -->
        <test-method is-config="true" signature="ScreenshotUtility(org.testng.ITestResult)[pri:0, instance:testScript.ManageNewsTest@65a15628]" started-at="2025-10-27T21:50:59 IST" name="ScreenshotUtility" finished-at="2025-10-27T21:50:59 IST" duration-ms="0" status="PASS">
          <params>
            <param index="0">
              <value>
                <![CDATA[[TestResult name=addNewNewsText status=SUCCESS method=ManageNewsTest.addNewNewsText()[pri:0, instance:testScript.ManageNewsTest@65a15628] output={null}]]]>
              </value>
            </param>
          </params>
          <reporter-output>
          </reporter-output>
        </test-method> <!-- ScreenshotUtility -->
        <test-method signature="searchNewsEntered()[pri:0, instance:testScript.ManageNewsTest@65a15628]" started-at="2025-10-27T21:51:03 IST" name="searchNewsEntered" description="User is trying to search news added in ManageNews page" finished-at="2025-10-27T21:51:05 IST" duration-ms="1676" status="PASS">
          <reporter-output>
          </reporter-output>
        </test-method> <!-- searchNewsEntered -->
        <test-method is-config="true" signature="ScreenshotUtility(org.testng.ITestResult)[pri:0, instance:testScript.ManageNewsTest@65a15628]" started-at="2025-10-27T21:51:05 IST" name="ScreenshotUtility" finished-at="2025-10-27T21:51:05 IST" duration-ms="0" status="PASS">
          <params>
            <param index="0">
              <value>
                <![CDATA[[TestResult name=searchNewsEntered status=SUCCESS method=ManageNewsTest.searchNewsEntered()[pri:0, instance:testScript.ManageNewsTest@65a15628] output={null}]]]>
              </value>
            </param>
          </params>
          <reporter-output>
          </reporter-output>
        </test-method> <!-- ScreenshotUtility -->
      </class> <!-- testScript.ManageNewsTest -->
    </test> <!-- Test -->
  </suite> <!-- Suite -->
</testng-results>
