<?xml version="1.0" encoding="UTF-8"?>
<testng-results ignored="0" total="2" passed="2" failed="0" skipped="0">
  <reporter-output>
  </reporter-output>
  <suite started-at="2025-10-27T22:06:03 IST" name="Suite" finished-at="2025-10-27T22:06:13 IST" duration-ms="9815">
    <groups>
    </groups>
    <test started-at="2025-10-27T22:06:03 IST" name="Test" finished-at="2025-10-27T22:06:13 IST" duration-ms="9815">
      <class name="testScript.ManageNewsTest">
        <test-method is-config="true" signature="initializeBrowser(java.lang.String)[pri:0, instance:testScript.ManageNewsTest@172b013]" started-at="2025-10-27T22:06:03 IST" name="initializeBrowser" finished-at="2025-10-27T22:06:07 IST" duration-ms="3601" status="PASS">
          <params>
            <param index="0">
              <value>
                <![CDATA[firefox]]>
              </value>
            </param>
          </params>
          <reporter-output>
          </reporter-output>
        </test-method> <!-- initializeBrowser -->
        <test-method signature="addNewNewsText()[pri:0, instance:testScript.ManageNewsTest@172b013]" started-at="2025-10-27T22:06:07 IST" name="addNewNewsText" description="User is trying to add new news to Manage newspage" finished-at="2025-10-27T22:06:09 IST" duration-ms="1952" status="PASS">
          <reporter-output>
          </reporter-output>
        </test-method> <!-- addNewNewsText -->
        <test-method is-config="true" signature="ScreenshotUtility(org.testng.ITestResult)[pri:0, instance:testScript.ManageNewsTest@172b013]" started-at="2025-10-27T22:06:09 IST" name="ScreenshotUtility" finished-at="2025-10-27T22:06:09 IST" duration-ms="1" status="PASS">
          <params>
            <param index="0">
              <value>
                <![CDATA[[TestResult name=addNewNewsText status=SUCCESS method=ManageNewsTest.addNewNewsText()[pri:0, instance:testScript.ManageNewsTest@172b013] output={null}]]]>
              </value>
            </param>
          </params>
          <reporter-output>
          </reporter-output>
        </test-method> <!-- ScreenshotUtility -->
        <test-method is-config="true" signature="initializeBrowser(java.lang.String)[pri:0, instance:testScript.ManageNewsTest@172b013]" started-at="2025-10-27T22:06:09 IST" name="initializeBrowser" finished-at="2025-10-27T22:06:12 IST" duration-ms="3053" status="PASS">
          <params>
            <param index="0">
              <value>
                <![CDATA[firefox]]>
              </value>
            </param>
          </params>
          <reporter-output>
          </reporter-output>
        </test-method> <!-- initializeBrowser -->
        <test-method signature="searchNewsEntered()[pri:0, instance:testScript.ManageNewsTest@172b013]" started-at="2025-10-27T22:06:12 IST" name="searchNewsEntered" description="User is trying to search news added in ManageNews page" finished-at="2025-10-27T22:06:13 IST" duration-ms="1183" status="PASS">
          <reporter-output>
          </reporter-output>
        </test-method> <!-- searchNewsEntered -->
        <test-method is-config="true" signature="ScreenshotUtility(org.testng.ITestResult)[pri:0, instance:testScript.ManageNewsTest@172b013]" started-at="2025-10-27T22:06:13 IST" name="ScreenshotUtility" finished-at="2025-10-27T22:06:13 IST" duration-ms="0" status="PASS">
          <params>
            <param index="0">
              <value>
                <![CDATA[[TestResult name=searchNewsEntered status=SUCCESS method=ManageNewsTest.searchNewsEntered()[pri:0, instance:testScript.ManageNewsTest@172b013] output={null}]]]>
              </value>
            </param>
          </params>
          <reporter-output>
          </reporter-output>
        </test-method> <!-- ScreenshotUtility -->
      </class> <!-- testScript.ManageNewsTest -->
    </test> <!-- Test -->
  </suite> <!-- Suite -->
</testng-results>
